06:28:12.824 INFO  Smartcloud service started 
06:28:12.824 INFO    
06:28:12.824 INFO    
06:28:12.824 INFO    
06:28:12.824 INFO    
06:28:12.825 INFO    
06:28:12.825 INFO    
06:28:12.825 INFO    
06:28:12.825 INFO    
06:28:12.825 INFO        .:: ::                                  .::           .::    .::                       .:: 
06:28:12.825 INFO      .::    .::                                .::        .::   .:: .::                       .:: 
06:28:12.825 INFO       .::      .::: .:: .::    .::    .: .:::.:.: .:     .::        .::   .::    .::  .::     .:: 
06:28:12.825 INFO         .::     .::  .:  .:: .::  .::  .::     .::       .::        .:: .::  .:: .::  .:: .:: .:: 
06:28:12.825 INFO            .::  .::  .:  .::.::   .::  .::     .::       .::        .::.::    .::.::  .::.:   .:: 
06:28:12.825 INFO      .::    .:: .::  .:  .::.::   .::  .::     .::        .::   .:: .:: .::  .:: .::  .::.:   .:: 
06:28:12.825 INFO        .:: ::  .:::  .:  .::  .:: .:::.:::      .::         .::::  .:::   .::      .::.:: .:: .:: 
06:28:12.825 INFO                                                                                                   
06:28:12.825 INFO                                                                                                   
06:28:12.825 INFO                                 Smart Cloud Core Module Launched 
06:28:12.825 INFO                                  Developed by Videndum Studios 
06:28:12.826 INFO                                       hello@videndum.studio 
06:28:12.826 INFO                                          videndum.studio 
06:28:12.826 INFO    
06:28:12.826 INFO    
06:28:12.826 INFO  Log file: logs/console-2020.Aug.17.log 
06:28:12.826 INFO  Log Level: Info 
06:28:12.826 WARN  Sentry not configured. Please use smartcloudJS documentation to setup 
14:36:34.775 INFO  Smartcloud service started 
14:36:34.775 INFO    
14:36:34.775 INFO    
14:36:34.775 INFO    
14:36:34.775 INFO    
14:36:34.775 INFO    
14:36:34.776 INFO    
14:36:34.776 INFO    
14:36:34.776 INFO    
14:36:34.776 INFO        .:: ::                                  .::           .::    .::                       .:: 
14:36:34.776 INFO      .::    .::                                .::        .::   .:: .::                       .:: 
14:36:34.776 INFO       .::      .::: .:: .::    .::    .: .:::.:.: .:     .::        .::   .::    .::  .::     .:: 
14:36:34.776 INFO         .::     .::  .:  .:: .::  .::  .::     .::       .::        .:: .::  .:: .::  .:: .:: .:: 
14:36:34.776 INFO            .::  .::  .:  .::.::   .::  .::     .::       .::        .::.::    .::.::  .::.:   .:: 
14:36:34.776 INFO      .::    .:: .::  .:  .::.::   .::  .::     .::        .::   .:: .:: .::  .:: .::  .::.:   .:: 
14:36:34.776 INFO        .:: ::  .:::  .:  .::  .:: .:::.:::      .::         .::::  .:::   .::      .::.:: .:: .:: 
14:36:34.776 INFO                                                                                                   
14:36:34.776 INFO                                                                                                   
14:36:34.776 INFO                                 Smart Cloud Core Module Launched 
14:36:34.776 INFO                                  Developed by Videndum Studios 
14:36:34.776 INFO                                       hello@videndum.studio 
14:36:34.777 INFO                                          videndum.studio 
14:36:34.777 INFO    
14:36:34.777 INFO    
14:36:34.777 INFO  Log file: logs/console-2020.Aug.17.log 
14:36:34.777 INFO  Log Level: Info 
14:36:34.777 WARN  Sentry not configured. Please use smartcloudJS documentation to setup 
14:37:55.960 INFO  Smartcloud service started 
14:37:55.960 INFO    
14:37:55.960 INFO    
14:37:55.960 INFO    
14:37:55.960 INFO    
14:37:55.960 INFO    
14:37:55.960 INFO    
14:37:55.960 INFO    
14:37:55.960 INFO    
14:37:55.960 INFO    ______   ____    ____       _       _______   _________    ______  _____       ___   _____  _____  ______     
14:37:55.960 INFO  .' ____  |_     /   _|     /      |_   __  |  _   _  | .' ___  ||_   _|    .'   `.|_   _||_   _||_   _ `.   
14:37:55.961 INFO  | (___ _|  |   /   |      / _       | |__) ||_/ | | _|/ .'   _|  | |     /  .-.   | |    | |    | | `.   
14:37:55.961 INFO   _.____`.   | |  /| |     / ___      |  __ /     | |    | |         | |   _ | |   | | | '    ' |    | |  | |  
14:37:55.961 INFO  | ____) | _| |_/_| |_  _/ /    _  _| |   _  _| |_    `.___.' _| |__/ |  `-'  /   __/ /    _| |_.' /  
14:37:55.961 INFO   ______.'|_____||_____||____| |____||____| |___||_____|   `.____ .'|________| `.___.'    `.__.'    |______.'   
14:37:55.961 INFO                                                                                                                  
14:37:55.961 INFO                                                                                                                  
14:37:55.961 INFO                                         Smartcloudjs framework Launched 
14:37:55.961 INFO                                          Developed by Videndum Studios 
14:37:55.961 INFO                                              hello@videndum.studio 
14:37:55.961 INFO                                                videndum.studio 
14:37:55.961 INFO    
14:37:55.961 INFO    
14:37:55.961 INFO  Log file: logs/console-2020.Aug.17.log 
14:37:55.961 INFO  Log Level: info 
14:37:55.962 WARN  Sentry not configured. Please use smartcloudJS documentation to setup 
14:38:20.096 INFO  Smartcloud service started 
14:38:20.096 INFO    
14:38:20.096 INFO    
14:38:20.096 INFO    
14:38:20.096 INFO    
14:38:20.096 INFO    
14:38:20.096 INFO    
14:38:20.096 INFO    
14:38:20.096 INFO    
14:38:20.097 INFO    ______   ____    ____       _       _______   _________    ______  _____       ___   _____  _____  ______     
14:38:20.097 INFO  .' ____  |_     /   _|     /      |_   __  |  _   _  | .' ___  ||_   _|    .'   `.|_   _||_   _||_   _ `.   
14:38:20.097 INFO  | (___ _|  |   /   |      / _       | |__) ||_/ | | _|/ .'   _|  | |     /  .-.   | |    | |    | | `.   
14:38:20.097 INFO   _.____`.   | |  /| |     / ___      |  __ /     | |    | |         | |   _ | |   | | | '    ' |    | |  | |  
14:38:20.097 INFO  | ____) | _| |_/_| |_  _/ /    _  _| |   _  _| |_    `.___.' _| |__/ |  `-'  /   __/ /    _| |_.' /  
14:38:20.097 INFO   ______.'|_____||_____||____| |____||____| |___||_____|   `.____ .'|________| `.___.'    `.__.'    |______.'   
14:38:20.097 INFO                                                                                                                  
14:38:20.097 INFO   ______                          __                                   ____    ____               __         
14:38:20.097 INFO  |_   _ `.                       [  |                                 |_     /   _|             |  ]        
14:38:20.097 INFO    | | `.  .---.  _   __  .---.  | |  .--.   _ .--.   .---.  _ .--.    |   /   |   .--.    .--.| | .---.   
14:38:20.097 INFO    | |  | |/ /__\[  [  ]/ /__\ | |/ .'` [ '/'` / /__\[ `/'`]   | |  /| | / .'` / /'`' |/ /__\  
14:38:20.097 INFO   _| |_.' /| __.,  / / | __., | || __. | | __/ || __., | |      _| |_/_| |_| __. || __/  || __.,  
14:38:20.097 INFO  |______.'  '.__.'  __/   '.__.'[___]'.__.'  | ;.__/  '.__.'[___]    |_____||_____|'.__.'  '.__.;__]'.__.'  
14:38:20.097 INFO                                              [__|                                                            
14:38:20.099 INFO                                                                                                                  
14:38:20.099 INFO                                         Smartcloudjs framework Launched 
14:38:20.099 INFO                                          Developed by Videndum Studios 
14:38:20.099 INFO                                              hello@videndum.studio 
14:38:20.099 INFO                                                videndum.studio 
14:38:20.099 INFO    
14:38:20.099 INFO    
14:38:20.099 INFO  Log file: logs/console-2020.Aug.17.log 
14:38:20.100 INFO  Log Level: info 
14:38:20.100 WARN  Sentry not configured. Please use smartcloudJS documentation to setup 
14:39:44.064 INFO  Smartcloud service started 
14:39:44.065 INFO    
14:39:44.065 INFO    
14:39:44.065 INFO    
14:39:44.065 INFO    
14:39:44.065 INFO    
14:39:44.065 INFO    
14:39:44.065 INFO    
14:39:44.065 INFO    
14:39:44.065 INFO    ______   ____    ____       _       _______   _________    ______  _____       ___   _____  _____  ______     
14:39:44.065 INFO  .' ____  |_     /   _|     /      |_   __  |  _   _  | .' ___  ||_   _|    .'   `.|_   _||_   _||_   _ `.   
14:39:44.065 INFO  | (___ _|  |   /   |      / _       | |__) ||_/ | | _|/ .'   _|  | |     /  .-.   | |    | |    | | `.   
14:39:44.065 INFO   _.____`.   | |  /| |     / ___      |  __ /     | |    | |         | |   _ | |   | | | '    ' |    | |  | |  
14:39:44.065 INFO  | ____) | _| |_/_| |_  _/ /    _  _| |   _  _| |_    `.___.' _| |__/ |  `-'  /   __/ /    _| |_.' /  
14:39:44.065 INFO   ______.'|_____||_____||____| |____||____| |___||_____|   `.____ .'|________| `.___.'    `.__.'    |______.'   
14:39:44.065 INFO                                                                                                                  
14:39:44.066 INFO   ______                          __                                   ____    ____               __         
14:39:44.066 INFO  |_   _ `.                       [  |                                 |_     /   _|             |  ]        
14:39:44.066 INFO    | | `.  .---.  _   __  .---.  | |  .--.   _ .--.   .---.  _ .--.    |   /   |   .--.    .--.| | .---.   
14:39:44.066 INFO    | |  | |/ /__\[  [  ]/ /__\ | |/ .'` [ '/'` / /__\[ `/'`]   | |  /| | / .'` / /'`' |/ /__\  
14:39:44.066 INFO   _| |_.' /| __.,  / / | __., | || __. | | __/ || __., | |      _| |_/_| |_| __. || __/  || __.,  
14:39:44.066 INFO  |______.'  '.__.'  __/   '.__.'[___]'.__.'  | ;.__/  '.__.'[___]    |_____||_____|'.__.'  '.__.;__]'.__.'  
14:39:44.066 INFO                                              [__|                                                            
14:39:44.068 INFO                                                                                                                  
14:39:44.068 INFO                                         Smartcloudjs framework Launched 
14:39:44.068 INFO                                          Developed by Videndum Studios 
14:39:44.068 INFO                                              hello@videndum.studio 
14:39:44.068 INFO                                                videndum.studio 
14:39:44.068 INFO    
14:39:44.068 INFO    
14:39:44.068 INFO  Log file: logs/console-2020.Aug.17.log 
14:39:44.068 INFO  Log Level: info 
14:39:44.068 WARN  Sentry not configured. Please use smartcloudJS documentation to setup 
14:44:44.515 INFO  Smartcloud service started 
14:44:44.515 INFO    
14:44:44.515 INFO    
14:44:44.515 INFO    
14:44:44.515 INFO    
14:44:44.516 INFO    
14:44:44.516 INFO    
14:44:44.516 INFO    
14:44:44.516 INFO    
14:44:44.516 INFO    ______   ____    ____       _       _______   _________    ______  _____       ___   _____  _____  ______     
14:44:44.516 INFO  .' ____  |_     /   _|     /      |_   __  |  _   _  | .' ___  ||_   _|    .'   `.|_   _||_   _||_   _ `.   
14:44:44.516 INFO  | (___ _|  |   /   |      / _       | |__) ||_/ | | _|/ .'   _|  | |     /  .-.   | |    | |    | | `.   
14:44:44.516 INFO   _.____`.   | |  /| |     / ___      |  __ /     | |    | |         | |   _ | |   | | | '    ' |    | |  | |  
14:44:44.516 INFO  | ____) | _| |_/_| |_  _/ /    _  _| |   _  _| |_    `.___.' _| |__/ |  `-'  /   __/ /    _| |_.' /  
14:44:44.516 INFO   ______.'|_____||_____||____| |____||____| |___||_____|   `.____ .'|________| `.___.'    `.__.'    |______.'   
14:44:44.516 INFO                                                                                                                  
14:44:44.516 INFO   ______                          __                                   ____    ____               __         
14:44:44.516 INFO  |_   _ `.                       [  |                                 |_     /   _|             |  ]        
14:44:44.516 INFO    | | `.  .---.  _   __  .---.  | |  .--.   _ .--.   .---.  _ .--.    |   /   |   .--.    .--.| | .---.   
14:44:44.517 INFO    | |  | |/ /__\[  [  ]/ /__\ | |/ .'` [ '/'` / /__\[ `/'`]   | |  /| | / .'` / /'`' |/ /__\  
14:44:44.517 INFO   _| |_.' /| __.,  / / | __., | || __. | | __/ || __., | |      _| |_/_| |_| __. || __/  || __.,  
14:44:44.517 INFO  |______.'  '.__.'  __/   '.__.'[___]'.__.'  | ;.__/  '.__.'[___]    |_____||_____|'.__.'  '.__.;__]'.__.'  
14:44:44.517 INFO                                              [__|                                                            
14:44:44.518 INFO                                                                                                                  
14:44:44.518 INFO                                         Smartcloudjs framework Launched 
14:44:44.519 INFO                                          Developed by Videndum Studios 
14:44:44.519 INFO                                              hello@videndum.studio 
14:44:44.519 INFO                                                videndum.studio 
14:44:44.519 INFO    
14:44:44.519 INFO    
14:44:44.519 INFO  Log file: logs/console-2020.Aug.17.log 
14:44:44.519 INFO  Log Level: info 
14:44:44.519 WARN  Sentry not configured. Please use smartcloudJS documentation to setup 
14:51:34.555 INFO  Smartcloud service started 
14:51:34.555 INFO    
14:51:34.555 INFO    
14:51:34.555 INFO    
14:51:34.555 INFO    
14:51:34.555 INFO    
14:51:34.555 INFO    
14:51:34.556 INFO    
14:51:34.556 INFO    
14:51:34.556 INFO    ______   ____    ____       _       _______   _________    ______  _____       ___   _____  _____  ______     
14:51:34.556 INFO  .' ____  |_     /   _|     /      |_   __  |  _   _  | .' ___  ||_   _|    .'   `.|_   _||_   _||_   _ `.   
14:51:34.556 INFO  | (___ _|  |   /   |      / _       | |__) ||_/ | | _|/ .'   _|  | |     /  .-.   | |    | |    | | `.   
14:51:34.556 INFO   _.____`.   | |  /| |     / ___      |  __ /     | |    | |         | |   _ | |   | | | '    ' |    | |  | |  
14:51:34.556 INFO  | ____) | _| |_/_| |_  _/ /    _  _| |   _  _| |_    `.___.' _| |__/ |  `-'  /   __/ /    _| |_.' /  
14:51:34.556 INFO   ______.'|_____||_____||____| |____||____| |___||_____|   `.____ .'|________| `.___.'    `.__.'    |______.'   
14:51:34.556 INFO                                                                                                                  
14:51:34.556 INFO   ______                          __                                   ____    ____               __         
14:51:34.556 INFO  |_   _ `.                       [  |                                 |_     /   _|             |  ]        
14:51:34.556 INFO    | | `.  .---.  _   __  .---.  | |  .--.   _ .--.   .---.  _ .--.    |   /   |   .--.    .--.| | .---.   
14:51:34.556 INFO    | |  | |/ /__\[  [  ]/ /__\ | |/ .'` [ '/'` / /__\[ `/'`]   | |  /| | / .'` / /'`' |/ /__\  
14:51:34.556 INFO   _| |_.' /| __.,  / / | __., | || __. | | __/ || __., | |      _| |_/_| |_| __. || __/  || __.,  
14:51:34.556 INFO  |______.'  '.__.'  __/   '.__.'[___]'.__.'  | ;.__/  '.__.'[___]    |_____||_____|'.__.'  '.__.;__]'.__.'  
14:51:34.557 INFO                                              [__|                                                            
14:51:34.558 INFO                                                                                                                  
14:51:34.558 INFO                                         Smartcloudjs framework Launched 
14:51:34.558 INFO                                          Developed by Videndum Studios 
14:51:34.558 INFO                                              hello@videndum.studio 
14:51:34.558 INFO                                                videndum.studio 
14:51:34.558 INFO    
14:51:34.558 INFO    
14:51:34.559 INFO  Log file: logs/console-2020.Aug.17.log 
14:51:34.559 INFO  Log Level: info 
14:51:34.559 WARN  Sentry not configured. Please use smartcloudJS documentation to setup 
14:52:23.879 INFO  Smartcloud service started 
14:52:23.879 INFO    
14:52:23.879 INFO    
14:52:23.879 INFO    
14:52:23.879 INFO    
14:52:23.879 INFO    
14:52:23.879 INFO    
14:52:23.879 INFO    
14:52:23.879 INFO    
14:52:23.879 INFO    ____  __  __    _    ____ _____ ____ _     ___  _   _ ____   
14:52:23.879 INFO   / ___||  /  |  /   |  _ _   _/ ___| |   / _ | | | |  _   
14:52:23.879 INFO   ___ | |/| | / _  | |_) || || |   | |  | | | | | | | | | | 
14:52:23.879 INFO    ___) | |  | |/ ___ |  _ < | || |___| |__| |_| | |_| | |_| | 
14:52:23.880 INFO   |____/|_|  |_/_/   __| _|_| ____|________/ ___/|____/  
14:52:23.880 INFO                                                                                                                  
14:52:23.880 INFO    ____                 _                         __  __           _       
14:52:23.880 INFO   |  _   _____   _____| | ___  _ __   ___ _ __  |  /  | ___   __| | ___  
14:52:23.880 INFO   | | | |/ _   / / _  |/ _ | `_  / _  `__| | |/| |/ _  / _` |/ _   
14:52:23.880 INFO   | |_| |  __/ V /  __/ | (_) | |_) |  __/ |    | |  | | (_) | (_| |  __/ 
14:52:23.880 INFO   |____/ ___| _/ ___|_|___/| .__/ ___|_|    |_|  |_|___/ __,_|___| 
14:52:23.880 INFO                                |_|                                         
14:52:23.882 INFO                                                                                                                  
14:52:23.882 INFO                                         Smartcloudjs framework Launched 
14:52:23.882 INFO                                          Developed by Videndum Studios 
14:52:23.882 INFO                                              hello@videndum.studio 
14:52:23.882 INFO                                                videndum.studio 
14:52:23.882 INFO    
14:52:23.882 INFO    
14:52:23.882 INFO  Log file: logs/console-2020.Aug.17.log 
14:52:23.882 INFO  Log Level: info 
14:52:23.882 WARN  Sentry not configured. Please use smartcloudJS documentation to setup 
18:27:33.821 INFO  Smartcloud service started 
18:27:33.821 INFO    
18:27:33.821 INFO    
18:27:33.821 INFO    
18:27:33.821 INFO    
18:27:33.821 INFO    
18:27:33.822 INFO    
18:27:33.822 INFO    
18:27:33.822 INFO    
18:27:33.822 INFO        .:: ::                                  .::           .::    .::                       .:: 
18:27:33.822 INFO      .::    .::                                .::        .::   .:: .::                       .:: 
18:27:33.822 INFO       .::      .::: .:: .::    .::    .: .:::.:.: .:     .::        .::   .::    .::  .::     .:: 
18:27:33.822 INFO         .::     .::  .:  .:: .::  .::  .::     .::       .::        .:: .::  .:: .::  .:: .:: .:: 
18:27:33.822 INFO            .::  .::  .:  .::.::   .::  .::     .::       .::        .::.::    .::.::  .::.:   .:: 
18:27:33.822 INFO      .::    .:: .::  .:  .::.::   .::  .::     .::        .::   .:: .:: .::  .:: .::  .::.:   .:: 
18:27:33.822 INFO        .:: ::  .:::  .:  .::  .:: .:::.:::      .::         .::::  .:::   .::      .::.:: .:: .:: 
18:27:33.822 INFO                                                                                                                  
18:27:33.822 INFO                                                                                                                  
18:27:33.822 INFO                                 Smartcloudjs framework Launched 
18:27:33.822 INFO                                  Developed by Videndum Studios 
18:27:33.822 INFO                                       hello@videndum.studio 
18:27:33.822 INFO                                          videndum.studio 
18:27:33.823 INFO    
18:27:33.823 INFO    
18:27:33.823 INFO  Log file: logs/console-2020.Aug.17.log 
18:27:33.823 INFO  Log Level: info 
18:27:33.823 WARN  Sentry not configured. Please use smartcloudJS documentation to setup 
18:32:57.701 INFO  Smartcloud service started 
18:32:57.701 INFO    
18:32:57.701 INFO    
18:32:57.701 INFO    
18:32:57.701 INFO    
18:32:57.701 INFO    
18:32:57.702 INFO    
18:32:57.702 INFO    
18:32:57.702 INFO    
18:32:57.702 INFO        .:: ::                                  .::           .::    .::                       .:: 
18:32:57.702 INFO      .::    .::                                .::        .::   .:: .::                       .:: 
18:32:57.702 INFO       .::      .::: .:: .::    .::    .: .:::.:.: .:     .::        .::   .::    .::  .::     .:: 
18:32:57.702 INFO         .::     .::  .:  .:: .::  .::  .::     .::       .::        .:: .::  .:: .::  .:: .:: .:: 
18:32:57.702 INFO            .::  .::  .:  .::.::   .::  .::     .::       .::        .::.::    .::.::  .::.:   .:: 
18:32:57.702 INFO      .::    .:: .::  .:  .::.::   .::  .::     .::        .::   .:: .:: .::  .:: .::  .::.:   .:: 
18:32:57.702 INFO        .:: ::  .:::  .:  .::  .:: .:::.:::      .::         .::::  .:::   .::      .::.:: .:: .:: 
18:32:57.702 INFO                                                                                                                  
18:32:57.702 INFO                                                                                                                  
18:32:57.702 INFO                                 Smartcloudjs framework Launched 
18:32:57.702 INFO                                  Developed by Videndum Studios 
18:32:57.702 INFO                                       hello@videndum.studio 
18:32:57.702 INFO                                          videndum.studio 
18:32:57.703 INFO    
18:32:57.703 INFO    
18:32:57.703 INFO  Log file: logs/console-2020.Aug.17.log 
18:32:57.703 INFO  Log Level: info 
18:32:57.703 WARN  Sentry not configured. Please use smartcloudJS documentation to setup 
18:32:57.703 ERROR this is a test 
18:33:24.498 INFO  Smartcloud service started 
18:33:24.498 INFO    
18:33:24.498 INFO    
18:33:24.498 INFO    
18:33:24.498 INFO    
18:33:24.499 INFO    
18:33:24.499 INFO    
18:33:24.499 INFO    
18:33:24.499 INFO    
18:33:24.499 INFO        .:: ::                                  .::           .::    .::                       .:: 
18:33:24.499 INFO      .::    .::                                .::        .::   .:: .::                       .:: 
18:33:24.499 INFO       .::      .::: .:: .::    .::    .: .:::.:.: .:     .::        .::   .::    .::  .::     .:: 
18:33:24.499 INFO         .::     .::  .:  .:: .::  .::  .::     .::       .::        .:: .::  .:: .::  .:: .:: .:: 
18:33:24.499 INFO            .::  .::  .:  .::.::   .::  .::     .::       .::        .::.::    .::.::  .::.:   .:: 
18:33:24.499 INFO      .::    .:: .::  .:  .::.::   .::  .::     .::        .::   .:: .:: .::  .:: .::  .::.:   .:: 
18:33:24.499 INFO        .:: ::  .:::  .:  .::  .:: .:::.:::      .::         .::::  .:::   .::      .::.:: .:: .:: 
18:33:24.499 INFO                                                                                                                  
18:33:24.499 INFO                                                                                                                  
18:33:24.499 INFO                                 Smartcloudjs framework Launched 
18:33:24.499 INFO                                  Developed by Videndum Studios 
18:33:24.500 INFO                                       hello@videndum.studio 
18:33:24.500 INFO                                          videndum.studio 
18:33:24.500 INFO    
18:33:24.500 INFO    
18:33:24.500 INFO  Log file: logs/console-2020.Aug.17.log 
18:33:24.500 INFO  Log Level: info 
18:33:24.500 WARN  Sentry not configured. Please use smartcloudJS documentation to setup 
18:33:24.500 ERROR this is a test 
18:33:42.768 INFO  Smartcloud service started 
18:33:42.768 INFO    
18:33:42.768 INFO    
18:33:42.768 INFO    
18:33:42.769 INFO    
18:33:42.769 INFO    
18:33:42.769 INFO    
18:33:42.769 INFO    
18:33:42.769 INFO    
18:33:42.769 INFO        .:: ::                                  .::           .::    .::                       .:: 
18:33:42.769 INFO      .::    .::                                .::        .::   .:: .::                       .:: 
18:33:42.769 INFO       .::      .::: .:: .::    .::    .: .:::.:.: .:     .::        .::   .::    .::  .::     .:: 
18:33:42.769 INFO         .::     .::  .:  .:: .::  .::  .::     .::       .::        .:: .::  .:: .::  .:: .:: .:: 
18:33:42.769 INFO            .::  .::  .:  .::.::   .::  .::     .::       .::        .::.::    .::.::  .::.:   .:: 
18:33:42.769 INFO      .::    .:: .::  .:  .::.::   .::  .::     .::        .::   .:: .:: .::  .:: .::  .::.:   .:: 
18:33:42.769 INFO        .:: ::  .:::  .:  .::  .:: .:::.:::      .::         .::::  .:::   .::      .::.:: .:: .:: 
18:33:42.769 INFO                                                                                                                  
18:33:42.769 INFO                                                                                                                  
18:33:42.769 INFO                                 Smartcloudjs framework Launched 
18:33:42.770 INFO                                  Developed by Videndum Studios 
18:33:42.770 INFO                                       hello@videndum.studio 
18:33:42.770 INFO                                          videndum.studio 
18:33:42.770 INFO    
18:33:42.770 INFO    
18:33:42.770 INFO  Log file: logs/console-2020.Aug.17.log 
18:33:42.770 INFO  Log Level: info 
18:33:42.770 WARN  Sentry not configured. Please use smartcloudJS documentation to setup 
18:33:42.770 FATAL this is a test 
18:36:05.658 INFO  Smartcloud service started 
18:36:05.658 INFO    
18:36:05.658 INFO    
18:36:05.658 INFO    
18:36:05.658 INFO    
18:36:05.658 INFO    
18:36:05.658 INFO    
18:36:05.658 INFO    
18:36:05.659 INFO    
18:36:05.659 INFO        .:: ::                                  .::           .::    .::                       .:: 
18:36:05.659 INFO      .::    .::                                .::        .::   .:: .::                       .:: 
18:36:05.659 INFO       .::      .::: .:: .::    .::    .: .:::.:.: .:     .::        .::   .::    .::  .::     .:: 
18:36:05.659 INFO         .::     .::  .:  .:: .::  .::  .::     .::       .::        .:: .::  .:: .::  .:: .:: .:: 
18:36:05.659 INFO            .::  .::  .:  .::.::   .::  .::     .::       .::        .::.::    .::.::  .::.:   .:: 
18:36:05.659 INFO      .::    .:: .::  .:  .::.::   .::  .::     .::        .::   .:: .:: .::  .:: .::  .::.:   .:: 
18:36:05.659 INFO        .:: ::  .:::  .:  .::  .:: .:::.:::      .::         .::::  .:::   .::      .::.:: .:: .:: 
18:36:05.659 INFO                                                                                                                  
18:36:05.659 INFO                                                                                                                  
18:36:05.659 INFO                                 Smartcloudjs framework Launched 
18:36:05.659 INFO                                  Developed by Videndum Studios 
18:36:05.659 INFO                                       hello@videndum.studio 
18:36:05.659 INFO                                          videndum.studio 
18:36:05.659 INFO    
18:36:05.659 INFO    
18:36:05.660 INFO  Log file: logs/console-2020.Aug.17.log 
18:36:05.660 INFO  Log Level: info 
18:36:05.660 WARN  Sentry not configured. Please use smartcloudJS documentation to setup 
18:36:05.660 INFO  this is a test 
